#
# There is insufficient memory for the Java Runtime Environment to continue.
# Native memory allocation (mmap) failed to map 268435456 bytes for Failed to commit area from 0x0000000700c00000 to 0x0000000710c00000 of length 268435456.
# Possible reasons:
#   The system is out of physical RAM or swap space
#   The process is running with CompressedOops enabled, and the Java Heap may be blocking the growth of the native heap
# Possible solutions:
#   Reduce memory load on the system
#   Increase physical memory or swap space
#   Check if swap backing store is full
#   Decrease Java heap size (-Xmx/-Xms)
#   Decrease number of Java threads
#   Decrease Java thread stack sizes (-Xss)
#   Set larger code cache with -XX:ReservedCodeCacheSize=
# This output file may be truncated or incomplete.
#
#  Out of Memory Error (c:/BuildAgent/work/1eae4dac1d648407/src/hotspot/os/windows/os_windows.cpp:3296), pid=14612, tid=10464
#
# JRE version:  (11.0.6+8) (build )
# Java VM: OpenJDK 64-Bit Server VM (11.0.6+8-b765.25, mixed mode, sharing, tiered, compressed oops, g1 gc, windows-amd64)
# No core dump will be written. Minidumps are not enabled by default on client versions of Windows
#

---------------  S U M M A R Y ------------

Command Line: org.jetbrains.git4idea.http.GitAskPassApp Username for 'https://github.com': 

Host: Intel(R) Core(TM) i7-4790K CPU @ 4.00GHz, 8 cores, 15G,  Windows 10 , 64 bit Build 18362 (10.0.18362.778)
Time: Fri Apr 17 18:36:15 2020 SA Pacific Standard Time elapsed time: 0 seconds (0d 0h 0m 0s)

---------------  T H R E A D  ---------------

Current thread (0x000001bbb3a0a800):  JavaThread "Unknown thread" [_thread_in_vm, id=10464, stack(0x000000b941800000,0x000000b941900000)]

Stack: [0x000000b941800000,0x000000b941900000]
Native frames: (J=compiled Java code, j=interpreted, Vv=VM code, C=native code)
V  [jvm.dll+0x5de3ca]
V  [jvm.dll+0x710ae5]
V  [jvm.dll+0x712005]
V  [jvm.dll+0x7126b3]
V  [jvm.dll+0x23e708]
V  [jvm.dll+0x5db874]
V  [jvm.dll+0x5d0aa5]
V  [jvm.dll+0x2fb0fb]
V  [jvm.dll+0x2fb06a]
V  [jvm.dll+0x2faf42]
V  [jvm.dll+0x2ffe16]
V  [jvm.dll+0x348723]
V  [jvm.dll+0x348e26]
V  [jvm.dll+0x348823]
V  [jvm.dll+0x2d58a8]
V  [jvm.dll+0x2d6a47]
V  [jvm.dll+0x6ef917]
V  [jvm.dll+0x6f110c]
V  [jvm.dll+0x355d69]
V  [jvm.dll+0x6d4afe]
V  [jvm.dll+0x3bf3d3]
V  [jvm.dll+0x3c1921]
C  [jli.dll+0x5363]
C  [ucrtbase.dll+0x20e72]
C  [KERNEL32.DLL+0x17bd4]
C  [ntdll.dll+0x6ce51]


---------------  P R O C E S S  ---------------

Threads class SMR info:
_java_thread_list=0x000001bbb18a8420, length=0, elements={
}

Java Threads: ( => current thread )

Other Threads:
  0x000001bbb3a21800 GCTaskThread "GC Thread#0" [stack: 0x000000b941900000,0x000000b941a00000] [id=7080]
  0x000001bbb3a81000 ConcurrentGCThread "G1 Main Marker" [stack: 0x000000b941a00000,0x000000b941b00000] [id=13052]
  0x000001bbb3a83800 ConcurrentGCThread "G1 Conc#0" [stack: 0x000000b941b00000,0x000000b941c00000] [id=16940]

[error occurred during error reporting (printing all threads), id 0xc0000005, EXCEPTION_ACCESS_VIOLATION (0xc0000005) at pc=0x00007ffa06706227]

VM state:not at safepoint (not fully initialized)

VM Mutex/Monitor currently owned by a thread:  ([mutex/lock_event])
[0x000001bbb3a08f10] Heap_lock - owner thread: 0x000001bbb3a0a800

Heap address: 0x0000000700c00000, size: 4084 MB, Compressed Oops mode: Non-zero based: 0x0000000700c00000
Narrow klass base: 0x0000000000000000, Narrow klass shift: 0

GC Heap History (0 events):
No events

Deoptimization events (0 events):
No events

Classes redefined (0 events):
No events

Internal exceptions (0 events):
No events

Events (2 events):
Event: 0.143 Loaded shared library D:\JetBrains\WebStorm 2019.2.3\jbr\bin\zip.dll
Event: 0.176 Loaded shared library D:\JetBrains\WebStorm 2019.2.3\jbr\bin\jimage.dll


Dynamic libraries:
0x00007ff62ab30000 - 0x00007ff62ab3a000 	D:\JetBrains\WebStorm 2019.2.3\jbr\bin\java.exe
0x00007ffa561e0000 - 0x00007ffa563d0000 	C:\WINDOWS\SYSTEM32\ntdll.dll
0x00007ffa55290000 - 0x00007ffa55342000 	C:\WINDOWS\System32\KERNEL32.DLL
0x00007ffa53fe0000 - 0x00007ffa54283000 	C:\WINDOWS\System32\KERNELBASE.dll
0x00007ffa53380000 - 0x00007ffa5347a000 	C:\WINDOWS\System32\ucrtbase.dll
0x00007ffa4f5d0000 - 0x00007ffa4f5e9000 	D:\JetBrains\WebStorm 2019.2.3\jbr\bin\jli.dll
0x00007ffa4f510000 - 0x00007ffa4f527000 	D:\JetBrains\WebStorm 2019.2.3\jbr\bin\VCRUNTIME140.dll
0x00007ffa54290000 - 0x00007ffa54424000 	C:\WINDOWS\System32\USER32.dll
0x00007ffa532f0000 - 0x00007ffa53311000 	C:\WINDOWS\System32\win32u.dll
0x00007ffa44540000 - 0x00007ffa447c5000 	C:\WINDOWS\WinSxS\amd64_microsoft.windows.common-controls_6595b64144ccf1df_6.0.18362.778_none_e6c6b761130d4fb8\COMCTL32.dll
0x00007ffa55e20000 - 0x00007ffa55e46000 	C:\WINDOWS\System32\GDI32.dll
0x00007ffa55fb0000 - 0x00007ffa5604e000 	C:\WINDOWS\System32\msvcrt.dll
0x00007ffa53c30000 - 0x00007ffa53dc4000 	C:\WINDOWS\System32\gdi32full.dll
0x00007ffa53dd0000 - 0x00007ffa53e6e000 	C:\WINDOWS\System32\msvcp_win.dll
0x00007ffa545e0000 - 0x00007ffa54916000 	C:\WINDOWS\System32\combase.dll
0x00007ffa55350000 - 0x00007ffa55470000 	C:\WINDOWS\System32\RPCRT4.dll
0x00007ffa53170000 - 0x00007ffa531f0000 	C:\WINDOWS\System32\bcryptPrimitives.dll
0x00007ffa555a0000 - 0x00007ffa555ce000 	C:\WINDOWS\System32\IMM32.DLL
0x00007ffa3f2c0000 - 0x00007ffa3f35d000 	D:\JetBrains\WebStorm 2019.2.3\jbr\bin\msvcp140.dll
0x00007ffa06420000 - 0x00007ffa06edd000 	D:\JetBrains\WebStorm 2019.2.3\jbr\bin\server\jvm.dll
0x00007ffa54a90000 - 0x00007ffa54b33000 	C:\WINDOWS\System32\ADVAPI32.dll
0x00007ffa555d0000 - 0x00007ffa55667000 	C:\WINDOWS\System32\sechost.dll
0x00007ffa551d0000 - 0x00007ffa551d8000 	C:\WINDOWS\System32\PSAPI.DLL
0x00007ffa4d070000 - 0x00007ffa4d07a000 	C:\WINDOWS\SYSTEM32\VERSION.dll
0x00007ffa50990000 - 0x00007ffa509b4000 	C:\WINDOWS\SYSTEM32\WINMM.dll
0x00007ffa2be10000 - 0x00007ffa2be19000 	C:\WINDOWS\SYSTEM32\WSOCK32.dll
0x00007ffa54920000 - 0x00007ffa5498f000 	C:\WINDOWS\System32\WS2_32.dll
0x00007ffa505f0000 - 0x00007ffa5061d000 	C:\WINDOWS\SYSTEM32\WINMMBASE.dll
0x00007ffa532a0000 - 0x00007ffa532ea000 	C:\WINDOWS\System32\cfgmgr32.dll
0x00007ffa53100000 - 0x00007ffa53111000 	C:\WINDOWS\System32\kernel.appcore.dll
0x00007ffa37f80000 - 0x00007ffa37f91000 	D:\JetBrains\WebStorm 2019.2.3\jbr\bin\verify.dll
0x00007ffa3e780000 - 0x00007ffa3e974000 	C:\WINDOWS\SYSTEM32\DBGHELP.DLL
0x00007ffa3e700000 - 0x00007ffa3e72a000 	C:\WINDOWS\SYSTEM32\dbgcore.DLL
0x00007ffa37ce0000 - 0x00007ffa37d09000 	D:\JetBrains\WebStorm 2019.2.3\jbr\bin\java.dll
0x00007ffa37f60000 - 0x00007ffa37f78000 	D:\JetBrains\WebStorm 2019.2.3\jbr\bin\zip.dll
0x00007ffa3d230000 - 0x00007ffa3d23b000 	D:\JetBrains\WebStorm 2019.2.3\jbr\bin\jimage.dll

dbghelp: loaded successfully - version: 4.0.5 - missing functions: none
symbol engine: initialized successfully - sym options: 0x614 - pdb path: .;D:\JetBrains\WebStorm 2019.2.3\jbr\bin;C:\WINDOWS\SYSTEM32;C:\WINDOWS\WinSxS\amd64_microsoft.windows.common-controls_6595b64144ccf1df_6.0.18362.778_none_e6c6b761130d4fb8;D:\JetBrains\WebStorm 2019.2.3\jbr\bin\server

VM Arguments:
java_command: org.jetbrains.git4idea.http.GitAskPassApp Username for 'https://github.com': 
java_class_path (initial): D:/JetBrains/WebStorm 2019.2.3/plugins/git4idea/lib/git4idea-rt.jar;D:/JetBrains/WebStorm 2019.2.3/lib/xmlrpc-2.0.1.jar;D:/JetBrains/WebStorm 2019.2.3/lib/commons-codec-1.14.jar;D:/JetBrains/WebStorm 2019.2.3/lib/util.jar
Launcher Type: SUN_STANDARD

[Global flags]
     intx CICompilerCount                          = 4                                         {product} {ergonomic}
     uint ConcGCThreads                            = 2                                         {product} {ergonomic}
     uint G1ConcRefinementThreads                  = 8                                         {product} {ergonomic}
   size_t G1HeapRegionSize                         = 1048576                                   {product} {ergonomic}
    uintx GCDrainStackTargetSize                   = 64                                        {product} {ergonomic}
   size_t InitialHeapSize                          = 268435456                                 {product} {ergonomic}
   size_t MarkStackSize                            = 4194304                                   {product} {ergonomic}
   size_t MaxHeapSize                              = 4282384384                                {product} {ergonomic}
   size_t MinHeapDeltaBytes                        = 1048576                                   {product} {ergonomic}
    uintx NonNMethodCodeHeapSize                   = 5836300                                {pd product} {ergonomic}
    uintx NonProfiledCodeHeapSize                  = 122910970                              {pd product} {ergonomic}
    uintx ProfiledCodeHeapSize                     = 122910970                              {pd product} {ergonomic}
    uintx ReservedCodeCacheSize                    = 251658240                              {pd product} {ergonomic}
     bool SegmentedCodeCache                       = true                                      {product} {ergonomic}
     bool UseCompressedClassPointers               = true                                 {lp64_product} {ergonomic}
     bool UseCompressedOops                        = true                                 {lp64_product} {ergonomic}
     bool UseG1GC                                  = true                                      {product} {ergonomic}
     bool UseLargePagesIndividualAllocation        = false                                  {pd product} {ergonomic}

Logging:
Log output configuration:
 #0: stdout all=warning uptime,level,tags
 #1: stderr all=off uptime,level,tags

Environment Variables:
PATH=D:\Git\mingw64\libexec\git-core;D:\Git\mingw64\libexec\git-core;D:\Git\mingw64\bin;D:\Git\usr\bin;C:\Users\GiacomoDaneriTuesta\bin;D:\app\GiacomoDaneriTuesta\product\11.2.0\client_1\bin;C:\Program Files\Microsoft MPI\Bin;C:\Program Files (x86)\Razer Chroma SDK\bin;C:\Program Files\Razer Chroma SDK\bin;C:\Program Files (x86)\Common Files\Oracle\Java\javapath;C:\WINDOWS\system32;C:\WINDOWS;C:\WINDOWS\System32\Wbem;C:\WINDOWS\System32\WindowsPowerShell\v1.0;C:\WINDOWS\System32\OpenSSH;C:\Program Files\NVIDIA Corporation\NVIDIA NvDLISR;C:\Program Files (x86)\NVIDIA Corporation\PhysX\Common;C:\Program Files\dotnet;C:\Program Files\Microsoft SQL Server\130\Tools\Binn;D:\nodejs;C:\WINDOWS\system32;C:\WINDOWS;C:\WINDOWS\System32\Wbem;C:\WINDOWS\System32\WindowsPowerShell\v1.0;C:\WINDOWS\System32\OpenSSH;D:\MATLAB\R2017b\runtime\win64;D:\MATLAB\R2017b\bin;C:\Users\GiacomoDaneriTuesta\AppData\Local\Microsoft\WindowsApps;C:\Users\GiacomoDaneriTuesta\AppData\Local\Programs\Microsoft VS Code\bin;C:\Users\GiacomoDaneriTuesta\AppData\Local\atom\bin;C:\Users\GiacomoDaneriTuesta\AppData\Roaming\npm;C:\Users\GiacomoDaneriTuesta\AppData\Local\Microsoft\WindowsApps;D:\heroku\bin;D:\Git\cmd;C:\Program Files\Microsoft SQL Server\Client SDK\ODBC\170\Tools\Binn;C:\Program Files (x86)\Microsoft SQL Server\150\Tools\Binn;C:\Program Files\Microsoft SQL Server\150\Tools\Binn;C:\Program Files\Microsoft SQL Server\150\DTS\Binn;C:\Program Files (x86)\Microsoft SQL Server\Client SDK\ODBC\130\Tools\Binn;C:\Program Files (x86)\Microsoft SQL Server\140\Tools\Binn;C:\Program Files (x86)\Microsoft SQL Server\140\DTS\Binn;C:\Program Files (x86)\Microsoft SQL Server\140\Tools\Binn\ManagementStudio;C:\Program Files (x86)\Microsoft SQL Server\110\DTS\Binn;C:\Program Files (x86)\Microsoft SQL Server\120\DTS\Binn;C:\Program Files (x86)\Microsoft SQL Server\130\DTS\Binn;C:\Program Files (x86)\Microsoft SQL Server\150\DTS\Binn;C:\ProgramData\chocolatey\bin;C:\Users\GiacomoDaneriTuesta\AppData\Local\Microsoft
USERNAME=GiacomoDaneriTuesta
DISPLAY=:0.0
OS=Windows_NT
PROCESSOR_IDENTIFIER=Intel64 Family 6 Model 60 Stepping 3, GenuineIntel



---------------  S Y S T E M  ---------------

OS: Windows 10 , 64 bit Build 18362 (10.0.18362.778)

CPU:total 8 (initial active 8) (4 cores per cpu, 2 threads per core) family 6 model 60 stepping 3, cmov, cx8, fxsr, mmx, sse, sse2, sse3, ssse3, sse4.1, sse4.2, popcnt, avx, avx2, aes, clmul, erms, lzcnt, ht, tsc, tscinvbit, bmi1, bmi2, fma

Memory: 4k page, system-wide physical 16333M (4571M free)
TotalPageFile size 16333M (AvailPageFile size 213M)
current process WorkingSet (physical memory assigned to process): 10M, peak: 10M
current process commit charge ("private bytes"): 60M, peak: 316M

vm_info: OpenJDK 64-Bit Server VM (11.0.6+8-b765.25) for windows-amd64 JRE (11.0.6+8-b765.25), built on Mar 30 2020 12:57:22 by "" with MS VC++ 14.0 (VS2015)

END.
